<?xml version="1.0" encoding="UTF-8"?>
<!-- Generated by org.testng.reporters.JUnitReportReporter -->
<testsuite hostname="DESKTOP-G4LHCG5" failures="0" tests="3" name="com.restapi.DynamicPayload" time="3.793" errors="0" timestamp="2023-09-24T00:42:30 IST" skipped="0">
  <testcase classname="com.restapi.DynamicPayload" name="addbookMetod" time="0.200"/>
  <testcase classname="com.restapi.DynamicPayload" name="addbookMetod" time="0.162"/>
  <testcase classname="com.restapi.DynamicPayload" name="addbookMetod" time="3.431"/>
</testsuite> <!-- com.restapi.DynamicPayload -->
